{
  "numTotalTestSuites": 203,
  "numPassedTestSuites": 203,
  "numFailedTestSuites": 0,
  "numPendingTestSuites": 0,
  "numTotalTests": 456,
  "numPassedTests": 456,
  "numFailedTests": 0,
  "numPendingTests": 0,
  "numTodoTests": 0,
  "startTime": 1768152067499,
  "success": true,
  "testResults": [
    {
      "assertionResults": [
        {
          "ancestorTitles": [
            "",
            "AuthContext",
            "Authentication State"
          ],
          "fullName": " AuthContext Authentication State should provide initial loading state",
          "status": "passed",
          "title": "should provide initial loading state",
          "duration": 135,
          "failureMessages": []
        },
        {
          "ancestorTitles": [
            "",
            "AuthContext",
            "Authentication State"
          ],
          "fullName": " AuthContext Authentication State should provide user when authenticated",
          "status": "passed",
          "title": "should provide user when authenticated",
          "duration": 83,
          "failureMessages": []
        },
        {
          "ancestorTitles": [
            "",
            "AuthContext",
            "Authentication State"
          ],
          "fullName": " AuthContext Authentication State should handle authentication errors",
          "status": "passed",
          "title": "should handle authentication errors",
          "duration": 17,
          "failureMessages": []
        },
        {
          "ancestorTitles": [
            "",
            "AuthContext",
            "Sign In"
          ],
          "fullName": " AuthContext Sign In should sign in successfully",
          "status": "passed",
          "title": "should sign in successfully",
          "duration": 70,
          "failureMessages": []
        },
        {
          "ancestorTitles": [
            "",
            "AuthContext",
            "Sign In"
          ],
          "fullName": " AuthContext Sign In should handle sign in errors",
          "status": "passed",
          "title": "should handle sign in errors",
          "duration": 102,
          "failureMessages": []
        },
        {
          "ancestorTitles": [
            "",
            "AuthContext",
            "Sign Up"
          ],
          "fullName": " AuthContext Sign Up should sign up successfully",
          "status": "passed",
          "title": "should sign up successfully",
          "duration": 103,
          "failureMessages": []
        },
        {
          "ancestorTitles": [
            "",
            "AuthContext",
            "Sign Up"
          ],
          "fullName": " AuthContext Sign Up should handle sign up errors",
          "status": "passed",
          "title": "should handle sign up errors",
          "duration": 54,
          "failureMessages": []
        },
        {
          "ancestorTitles": [
            "",
            "AuthContext",
            "Sign Out"
          ],
          "fullName": " AuthContext Sign Out should sign out successfully",
          "status": "passed",
          "title": "should sign out successfully",
          "duration": 87,
          "failureMessages": []
        },
        {
          "ancestorTitles": [
            "",
            "AuthContext",
            "Sign Out"
          ],
          "fullName": " AuthContext Sign Out should handle sign out errors",
          "status": "passed",
          "title": "should handle sign out errors",
          "duration": 127,
          "failureMessages": []
        },
        {
          "ancestorTitles": [
            "",
            "AuthContext",
            "Session Refresh"
          ],
          "fullName": " AuthContext Session Refresh should refresh session successfully",
          "status": "passed",
          "title": "should refresh session successfully",
          "duration": 81,
          "failureMessages": []
        },
        {
          "ancestorTitles": [
            "",
            "AuthContext",
            "Session Refresh"
          ],
          "fullName": " AuthContext Session Refresh should handle refresh session errors",
          "status": "passed",
          "title": "should handle refresh session errors",
          "duration": 45,
          "failureMessages": []
        },
        {
          "ancestorTitles": [
            "",
            "AuthContext",
            "Session Expiry Warning"
          ],
          "fullName": " AuthContext Session Expiry Warning should show expiring soon when session is about to expire",
          "status": "passed",
          "title": "should show expiring soon when session is about to expire",
          "duration": 38,
          "failureMessages": []
        },
        {
          "ancestorTitles": [
            "",
            "AuthContext",
            "Session Expiry Warning"
          ],
          "fullName": " AuthContext Session Expiry Warning should not show expiring soon for fresh session",
          "status": "passed",
          "title": "should not show expiring soon for fresh session",
          "duration": 35,
          "failureMessages": []
        }
      ],
      "startTime": 1768152108590,
      "endTime": 1768152109574,
      "status": "passed",
      "message": "",
      "name": "C:/ws/kinship-atlas/src/contexts/__tests__/AuthContext.test.tsx"
    },
    {
      "assertionResults": [
        {
          "ancestorTitles": [
            "",
            "FamilyTreeContext",
            "Initial State"
          ],
          "fullName": " FamilyTreeContext Initial State should provide initial selected member state",
          "status": "passed",
          "title": "should provide initial selected member state",
          "duration": 126,
          "failureMessages": []
        },
        {
          "ancestorTitles": [
            "",
            "FamilyTreeContext",
            "Initial State"
          ],
          "fullName": " FamilyTreeContext Initial State should load selected member from sessionStorage",
          "status": "passed",
          "title": "should load selected member from sessionStorage",
          "duration": 53,
          "failureMessages": []
        },
        {
          "ancestorTitles": [
            "",
            "FamilyTreeContext",
            "Member Selection"
          ],
          "fullName": " FamilyTreeContext Member Selection should allow selecting a member",
          "status": "passed",
          "title": "should allow selecting a member",
          "duration": 50,
          "failureMessages": []
        },
        {
          "ancestorTitles": [
            "",
            "FamilyTreeContext",
            "Member Selection"
          ],
          "fullName": " FamilyTreeContext Member Selection should clear selection when clearSelectedMember is called",
          "status": "passed",
          "title": "should clear selection when clearSelectedMember is called",
          "duration": 77,
          "failureMessages": []
        },
        {
          "ancestorTitles": [
            "",
            "FamilyTreeContext",
            "Member Selection"
          ],
          "fullName": " FamilyTreeContext Member Selection should persist selection to sessionStorage",
          "status": "passed",
          "title": "should persist selection to sessionStorage",
          "duration": 1034,
          "failureMessages": []
        },
        {
          "ancestorTitles": [
            "",
            "FamilyTreeContext",
            "Context Provider"
          ],
          "fullName": " FamilyTreeContext Context Provider should throw error when used outside provider",
          "status": "passed",
          "title": "should throw error when used outside provider",
          "duration": 86,
          "failureMessages": []
        }
      ],
      "startTime": 1768152107360,
      "endTime": 1768152108787,
      "status": "passed",
      "message": "",
      "name": "C:/ws/kinship-atlas/src/contexts/__tests__/FamilyTreeContext.test.tsx"
    },
    {
      "assertionResults": [
        {
          "ancestorTitles": [
            "",
            "usePermissions"
          ],
          "fullName": " usePermissions should return correct permissions for admin user",
          "status": "passed",
          "title": "should return correct permissions for admin user",
          "duration": 79,
          "failureMessages": []
        },
        {
          "ancestorTitles": [
            "",
            "usePermissions"
          ],
          "fullName": " usePermissions should return correct permissions for regular user",
          "status": "passed",
          "title": "should return correct permissions for regular user",
          "duration": 12,
          "failureMessages": []
        },
        {
          "ancestorTitles": [
            "",
            "usePermissions"
          ],
          "fullName": " usePermissions should return false for unauthenticated user",
          "status": "passed",
          "title": "should return false for unauthenticated user",
          "duration": 10,
          "failureMessages": []
        },
        {
          "ancestorTitles": [
            "",
            "usePermissions"
          ],
          "fullName": " usePermissions should cache permission results",
          "status": "passed",
          "title": "should cache permission results",
          "duration": 18,
          "failureMessages": []
        },
        {
          "ancestorTitles": [
            "",
            "usePermissions"
          ],
          "fullName": " usePermissions should clear cache",
          "status": "passed",
          "title": "should clear cache",
          "duration": 17,
          "failureMessages": []
        },
        {
          "ancestorTitles": [
            "",
            "usePermissions"
          ],
          "fullName": " usePermissions should handle permission check errors",
          "status": "passed",
          "title": "should handle permission check errors",
          "duration": 24,
          "failureMessages": []
        }
      ],
      "startTime": 1768152123655,
      "endTime": 1768152123816,
      "status": "passed",
      "message": "",
      "name": "C:/ws/kinship-atlas/src/hooks/__tests__/usePermissions.test.ts"
    },
    {
      "assertionResults": [
        {
          "ancestorTitles": [
            "",
            "useRequireAuth",
            "authentication state"
          ],
          "fullName": " useRequireAuth authentication state should return loading state when auth is loading",
          "status": "passed",
          "title": "should return loading state when auth is loading",
          "duration": 89,
          "failureMessages": []
        },
        {
          "ancestorTitles": [
            "",
            "useRequireAuth",
            "authentication state"
          ],
          "fullName": " useRequireAuth authentication state should return authenticated state for logged in user",
          "status": "passed",
          "title": "should return authenticated state for logged in user",
          "duration": 7,
          "failureMessages": []
        },
        {
          "ancestorTitles": [
            "",
            "useRequireAuth",
            "authentication state"
          ],
          "fullName": " useRequireAuth authentication state should return not authenticated for logged out user",
          "status": "passed",
          "title": "should return not authenticated for logged out user",
          "duration": 4,
          "failureMessages": []
        },
        {
          "ancestorTitles": [
            "",
            "useRequireAuth",
            "role-based authorization"
          ],
          "fullName": " useRequireAuth role-based authorization should be authorized when user has required role",
          "status": "passed",
          "title": "should be authorized when user has required role",
          "duration": 25,
          "failureMessages": []
        },
        {
          "ancestorTitles": [
            "",
            "useRequireAuth",
            "role-based authorization"
          ],
          "fullName": " useRequireAuth role-based authorization should be authorized when user has one of multiple allowed roles",
          "status": "passed",
          "title": "should be authorized when user has one of multiple allowed roles",
          "duration": 11,
          "failureMessages": []
        },
        {
          "ancestorTitles": [
            "",
            "useRequireAuth",
            "role-based authorization"
          ],
          "fullName": " useRequireAuth role-based authorization should not be authorized when user lacks required role",
          "status": "passed",
          "title": "should not be authorized when user lacks required role",
          "duration": 5,
          "failureMessages": []
        },
        {
          "ancestorTitles": [
            "",
            "useRequireAuth",
            "redirects"
          ],
          "fullName": " useRequireAuth redirects should redirect to /auth when not authenticated",
          "status": "passed",
          "title": "should redirect to /auth when not authenticated",
          "duration": 16,
          "failureMessages": []
        },
        {
          "ancestorTitles": [
            "",
            "useRequireAuth",
            "redirects"
          ],
          "fullName": " useRequireAuth redirects should redirect to custom path when specified",
          "status": "passed",
          "title": "should redirect to custom path when specified",
          "duration": 25,
          "failureMessages": []
        },
        {
          "ancestorTitles": [
            "",
            "useRequireAuth",
            "redirects"
          ],
          "fullName": " useRequireAuth redirects should redirect to unauthorized path when role check fails",
          "status": "passed",
          "title": "should redirect to unauthorized path when role check fails",
          "duration": 4,
          "failureMessages": []
        },
        {
          "ancestorTitles": [
            "",
            "useRequireAuth",
            "redirects"
          ],
          "fullName": " useRequireAuth redirects should not redirect when skipRedirect is true",
          "status": "passed",
          "title": "should not redirect when skipRedirect is true",
          "duration": 6,
          "failureMessages": []
        },
        {
          "ancestorTitles": [
            "",
            "useRequireAuth",
            "redirects"
          ],
          "fullName": " useRequireAuth redirects should not redirect while loading",
          "status": "passed",
          "title": "should not redirect while loading",
          "duration": 32,
          "failureMessages": []
        },
        {
          "ancestorTitles": [
            "",
            "useIsAuthenticated"
          ],
          "fullName": " useIsAuthenticated should return true when user is authenticated",
          "status": "passed",
          "title": "should return true when user is authenticated",
          "duration": 11,
          "failureMessages": []
        },
        {
          "ancestorTitles": [
            "",
            "useIsAuthenticated"
          ],
          "fullName": " useIsAuthenticated should return false when user is not authenticated",
          "status": "passed",
          "title": "should return false when user is not authenticated",
          "duration": 6,
          "failureMessages": []
        },
        {
          "ancestorTitles": [
            "",
            "useIsAuthenticated"
          ],
          "fullName": " useIsAuthenticated should return false while loading",
          "status": "passed",
          "title": "should return false while loading",
          "duration": 4,
          "failureMessages": []
        },
        {
          "ancestorTitles": [
            "",
            "useHasRole"
          ],
          "fullName": " useHasRole should return true when user has the role",
          "status": "passed",
          "title": "should return true when user has the role",
          "duration": 8,
          "failureMessages": []
        },
        {
          "ancestorTitles": [
            "",
            "useHasRole"
          ],
          "fullName": " useHasRole should return true when user has one of multiple roles",
          "status": "passed",
          "title": "should return true when user has one of multiple roles",
          "duration": 4,
          "failureMessages": []
        },
        {
          "ancestorTitles": [
            "",
            "useHasRole"
          ],
          "fullName": " useHasRole should return false when user does not have the role",
          "status": "passed",
          "title": "should return false when user does not have the role",
          "duration": 3,
          "failureMessages": []
        },
        {
          "ancestorTitles": [
            "",
            "useHasRole"
          ],
          "fullName": " useHasRole should return false when user is not authenticated",
          "status": "passed",
          "title": "should return false when user is not authenticated",
          "duration": 4,
          "failureMessages": []
        },
        {
          "ancestorTitles": [
            "",
            "useHasRole"
          ],
          "fullName": " useHasRole should return false while loading",
          "status": "passed",
          "title": "should return false while loading",
          "duration": 4,
          "failureMessages": []
        }
      ],
      "startTime": 1768152119866,
      "endTime": 1768152120136,
      "status": "passed",
      "message": "",
      "name": "C:/ws/kinship-atlas/src/hooks/__tests__/useRequireAuth.test.ts"
    },
    {
      "assertionResults": [
        {
          "ancestorTitles": [
            "",
            "useStorageUrl"
          ],
          "fullName": " useStorageUrl should return null for null URL",
          "status": "passed",
          "title": "should return null for null URL",
          "duration": 74,
          "failureMessages": []
        },
        {
          "ancestorTitles": [
            "",
            "useStorageUrl"
          ],
          "fullName": " useStorageUrl should return null for undefined URL",
          "status": "passed",
          "title": "should return null for undefined URL",
          "duration": 4,
          "failureMessages": []
        },
        {
          "ancestorTitles": [
            "",
            "useStorageUrl"
          ],
          "fullName": " useStorageUrl should return signed URL directly if already signed",
          "status": "passed",
          "title": "should return signed URL directly if already signed",
          "duration": 6,
          "failureMessages": []
        },
        {
          "ancestorTitles": [
            "",
            "useStorageUrl"
          ],
          "fullName": " useStorageUrl should convert public URL to signed URL",
          "status": "passed",
          "title": "should convert public URL to signed URL",
          "duration": 87,
          "failureMessages": []
        },
        {
          "ancestorTitles": [
            "",
            "useStorageUrl"
          ],
          "fullName": " useStorageUrl should handle conversion errors gracefully",
          "status": "passed",
          "title": "should handle conversion errors gracefully",
          "duration": 35,
          "failureMessages": []
        },
        {
          "ancestorTitles": [
            "",
            "useStorageUrl"
          ],
          "fullName": " useStorageUrl should update when URL changes",
          "status": "passed",
          "title": "should update when URL changes",
          "duration": 149,
          "failureMessages": []
        }
      ],
      "startTime": 1768152117282,
      "endTime": 1768152117638,
      "status": "passed",
      "message": "",
      "name": "C:/ws/kinship-atlas/src/hooks/__tests__/useStorageUrl.test.ts"
    },
    {
      "assertionResults": [
        {
          "ancestorTitles": [
            "",
            "useStories"
          ],
          "fullName": " useStories should fetch stories on mount",
          "status": "passed",
          "title": "should fetch stories on mount",
          "duration": 192,
          "failureMessages": []
        },
        {
          "ancestorTitles": [
            "",
            "useStories"
          ],
          "fullName": " useStories should handle fetch errors",
          "status": "passed",
          "title": "should handle fetch errors",
          "duration": 106,
          "failureMessages": []
        },
        {
          "ancestorTitles": [
            "",
            "useStories"
          ],
          "fullName": " useStories should create a story",
          "status": "skipped",
          "title": "should create a story",
          "failureMessages": []
        },
        {
          "ancestorTitles": [
            "",
            "useStories"
          ],
          "fullName": " useStories should update a story",
          "status": "skipped",
          "title": "should update a story",
          "failureMessages": []
        },
        {
          "ancestorTitles": [
            "",
            "useStories"
          ],
          "fullName": " useStories should delete a story",
          "status": "skipped",
          "title": "should delete a story",
          "failureMessages": []
        },
        {
          "ancestorTitles": [
            "",
            "useStory"
          ],
          "fullName": " useStory should fetch a single story",
          "status": "passed",
          "title": "should fetch a single story",
          "duration": 92,
          "failureMessages": []
        },
        {
          "ancestorTitles": [
            "",
            "useStory"
          ],
          "fullName": " useStory should handle fetch errors",
          "status": "passed",
          "title": "should handle fetch errors",
          "duration": 88,
          "failureMessages": []
        },
        {
          "ancestorTitles": [
            "",
            "useMemberStories"
          ],
          "fullName": " useMemberStories should fetch stories for a member",
          "status": "passed",
          "title": "should fetch stories for a member",
          "duration": 73,
          "failureMessages": []
        },
        {
          "ancestorTitles": [
            "",
            "useMemberStories"
          ],
          "fullName": " useMemberStories should not fetch if memberId is empty",
          "status": "passed",
          "title": "should not fetch if memberId is empty",
          "duration": 17,
          "failureMessages": []
        }
      ],
      "startTime": 1768152111821,
      "endTime": 1768152112390,
      "status": "passed",
      "message": "",
      "name": "C:/ws/kinship-atlas/src/hooks/__tests__/useStories.test.ts"
    },
    {
      "assertionResults": [
        {
          "ancestorTitles": [
            "",
            "useMemberTimeline"
          ],
          "fullName": " useMemberTimeline should fetch member timeline on mount",
          "status": "passed",
          "title": "should fetch member timeline on mount",
          "duration": 179,
          "failureMessages": []
        },
        {
          "ancestorTitles": [
            "",
            "useMemberTimeline"
          ],
          "fullName": " useMemberTimeline should handle fetch errors",
          "status": "passed",
          "title": "should handle fetch errors",
          "duration": 95,
          "failureMessages": []
        },
        {
          "ancestorTitles": [
            "",
            "useMemberTimeline"
          ],
          "fullName": " useMemberTimeline should not fetch if memberId is empty",
          "status": "passed",
          "title": "should not fetch if memberId is empty",
          "duration": 8,
          "failureMessages": []
        },
        {
          "ancestorTitles": [
            "",
            "useFamilyTimeline"
          ],
          "fullName": " useFamilyTimeline should fetch family timeline on mount",
          "status": "passed",
          "title": "should fetch family timeline on mount",
          "duration": 11,
          "failureMessages": []
        },
        {
          "ancestorTitles": [
            "",
            "useFamilyTimeline"
          ],
          "fullName": " useFamilyTimeline should return empty array if no member IDs provided",
          "status": "passed",
          "title": "should return empty array if no member IDs provided",
          "duration": 16,
          "failureMessages": []
        },
        {
          "ancestorTitles": [
            "",
            "useTimelineSearch"
          ],
          "fullName": " useTimelineSearch should search timeline",
          "status": "passed",
          "title": "should search timeline",
          "duration": 16,
          "failureMessages": []
        },
        {
          "ancestorTitles": [
            "",
            "useTimelineSearch"
          ],
          "fullName": " useTimelineSearch should clear search results",
          "status": "passed",
          "title": "should clear search results",
          "duration": 14,
          "failureMessages": []
        },
        {
          "ancestorTitles": [
            "",
            "useTimelineSearch"
          ],
          "fullName": " useTimelineSearch should not search if query is empty",
          "status": "passed",
          "title": "should not search if query is empty",
          "duration": 6,
          "failureMessages": []
        },
        {
          "ancestorTitles": [
            "",
            "useTimelineStats"
          ],
          "fullName": " useTimelineStats should fetch timeline stats",
          "status": "passed",
          "title": "should fetch timeline stats",
          "duration": 90,
          "failureMessages": []
        },
        {
          "ancestorTitles": [
            "",
            "useTimelineStats"
          ],
          "fullName": " useTimelineStats should handle fetch errors",
          "status": "passed",
          "title": "should handle fetch errors",
          "duration": 76,
          "failureMessages": []
        }
      ],
      "startTime": 1768152117279,
      "endTime": 1768152117791,
      "status": "passed",
      "message": "",
      "name": "C:/ws/kinship-atlas/src/hooks/__tests__/useTimeline.test.ts"
    },
    {
      "assertionResults": [
        {
          "ancestorTitles": [
            "",
            "AddFamilyMemberPage"
          ],
          "fullName": " AddFamilyMemberPage should render AddFamilyMember component when user is authenticated",
          "status": "passed",
          "title": "should render AddFamilyMember component when user is authenticated",
          "duration": 116,
          "failureMessages": []
        },
        {
          "ancestorTitles": [
            "",
            "AddFamilyMemberPage"
          ],
          "fullName": " AddFamilyMemberPage should pass correct user info to MobileLayout",
          "status": "passed",
          "title": "should pass correct user info to MobileLayout",
          "duration": 21,
          "failureMessages": []
        },
        {
          "ancestorTitles": [
            "",
            "AddFamilyMemberPage"
          ],
          "fullName": " AddFamilyMemberPage should handle user with only email (no full name)",
          "status": "passed",
          "title": "should handle user with only email (no full name)",
          "duration": 19,
          "failureMessages": []
        },
        {
          "ancestorTitles": [
            "",
            "AddFamilyMemberPage"
          ],
          "fullName": " AddFamilyMemberPage should handle null user gracefully",
          "status": "passed",
          "title": "should handle null user gracefully",
          "duration": 18,
          "failureMessages": []
        }
      ],
      "startTime": 1768152117507,
      "endTime": 1768152117682,
      "status": "passed",
      "message": "",
      "name": "C:/ws/kinship-atlas/src/pages/__tests__/AddFamilyMemberPage.test.tsx"
    },
    {
      "assertionResults": [
        {
          "ancestorTitles": [
            "",
            "Auth"
          ],
          "fullName": " Auth should render sign in form by default",
          "status": "passed",
          "title": "should render sign in form by default",
          "duration": 1292,
          "failureMessages": []
        },
        {
          "ancestorTitles": [
            "",
            "Auth"
          ],
          "fullName": " Auth should switch to sign up tab",
          "status": "passed",
          "title": "should switch to sign up tab",
          "duration": 1353,
          "failureMessages": []
        },
        {
          "ancestorTitles": [
            "",
            "Auth"
          ],
          "fullName": " Auth should handle sign in",
          "status": "passed",
          "title": "should handle sign in",
          "duration": 2889,
          "failureMessages": []
        },
        {
          "ancestorTitles": [
            "",
            "Auth"
          ],
          "fullName": " Auth should handle sign in errors",
          "status": "passed",
          "title": "should handle sign in errors",
          "duration": 2150,
          "failureMessages": []
        },
        {
          "ancestorTitles": [
            "",
            "Auth"
          ],
          "fullName": " Auth should validate required fields for sign in",
          "status": "passed",
          "title": "should validate required fields for sign in",
          "duration": 396,
          "failureMessages": []
        },
        {
          "ancestorTitles": [
            "",
            "Auth"
          ],
          "fullName": " Auth should handle sign up",
          "status": "passed",
          "title": "should handle sign up",
          "duration": 2517,
          "failureMessages": []
        },
        {
          "ancestorTitles": [
            "",
            "Auth"
          ],
          "fullName": " Auth should validate password length for sign up",
          "status": "passed",
          "title": "should validate password length for sign up",
          "duration": 2401,
          "failureMessages": []
        },
        {
          "ancestorTitles": [
            "",
            "Auth"
          ],
          "fullName": " Auth should validate password uppercase requirement",
          "status": "passed",
          "title": "should validate password uppercase requirement",
          "duration": 2252,
          "failureMessages": []
        },
        {
          "ancestorTitles": [
            "",
            "Auth"
          ],
          "fullName": " Auth should validate password number requirement",
          "status": "passed",
          "title": "should validate password number requirement",
          "duration": 2456,
          "failureMessages": []
        },
        {
          "ancestorTitles": [
            "",
            "Auth"
          ],
          "fullName": " Auth should show loading state during sign in",
          "status": "passed",
          "title": "should show loading state during sign in",
          "duration": 2943,
          "failureMessages": []
        }
      ],
      "startTime": 1768152077716,
      "endTime": 1768152098369,
      "status": "passed",
      "message": "",
      "name": "C:/ws/kinship-atlas/src/pages/__tests__/Auth.test.tsx"
    },
    {
      "assertionResults": [
        {
          "ancestorTitles": [
            "",
            "AlbumService",
            "getAllAlbums"
          ],
          "fullName": " AlbumService getAllAlbums should fetch all albums for the current user",
          "status": "passed",
          "title": "should fetch all albums for the current user",
          "duration": 25,
          "failureMessages": []
        },
        {
          "ancestorTitles": [
            "",
            "AlbumService",
            "getAllAlbums"
          ],
          "fullName": " AlbumService getAllAlbums should filter albums by family group",
          "status": "passed",
          "title": "should filter albums by family group",
          "duration": 7,
          "failureMessages": []
        },
        {
          "ancestorTitles": [
            "",
            "AlbumService",
            "getAllAlbums"
          ],
          "fullName": " AlbumService getAllAlbums should return empty array when user is not authenticated",
          "status": "passed",
          "title": "should return empty array when user is not authenticated",
          "duration": 28,
          "failureMessages": []
        },
        {
          "ancestorTitles": [
            "",
            "AlbumService",
            "getAllAlbums"
          ],
          "fullName": " AlbumService getAllAlbums should return empty array when filter matches no albums",
          "status": "passed",
          "title": "should return empty array when filter matches no albums",
          "duration": 18,
          "failureMessages": []
        },
        {
          "ancestorTitles": [
            "",
            "AlbumService",
            "getAlbumById"
          ],
          "fullName": " AlbumService getAlbumById should fetch a single album by ID",
          "status": "passed",
          "title": "should fetch a single album by ID",
          "duration": 3,
          "failureMessages": []
        },
        {
          "ancestorTitles": [
            "",
            "AlbumService",
            "getAlbumById"
          ],
          "fullName": " AlbumService getAlbumById should return null when album is not found",
          "status": "passed",
          "title": "should return null when album is not found",
          "duration": 3,
          "failureMessages": []
        },
        {
          "ancestorTitles": [
            "",
            "AlbumService",
            "createAlbum"
          ],
          "fullName": " AlbumService createAlbum should create an album successfully",
          "status": "passed",
          "title": "should create an album successfully",
          "duration": 3,
          "failureMessages": []
        },
        {
          "ancestorTitles": [
            "",
            "AlbumService",
            "createAlbum"
          ],
          "fullName": " AlbumService createAlbum should return null when user is not authenticated",
          "status": "passed",
          "title": "should return null when user is not authenticated",
          "duration": 1,
          "failureMessages": []
        },
        {
          "ancestorTitles": [
            "",
            "AlbumService",
            "updateAlbum"
          ],
          "fullName": " AlbumService updateAlbum should update an album successfully",
          "status": "passed",
          "title": "should update an album successfully",
          "duration": 3,
          "failureMessages": []
        },
        {
          "ancestorTitles": [
            "",
            "AlbumService",
            "deleteAlbum"
          ],
          "fullName": " AlbumService deleteAlbum should delete an album successfully",
          "status": "passed",
          "title": "should delete an album successfully",
          "duration": 1,
          "failureMessages": []
        },
        {
          "ancestorTitles": [
            "",
            "AlbumService",
            "deleteAlbum"
          ],
          "fullName": " AlbumService deleteAlbum should return false when user is not authenticated",
          "status": "passed",
          "title": "should return false when user is not authenticated",
          "duration": 2,
          "failureMessages": []
        },
        {
          "ancestorTitles": [
            "",
            "AlbumService",
            "addMediaToAlbum"
          ],
          "fullName": " AlbumService addMediaToAlbum should add media to an album successfully",
          "status": "passed",
          "title": "should add media to an album successfully",
          "duration": 2,
          "failureMessages": []
        },
        {
          "ancestorTitles": [
            "",
            "AlbumService",
            "removeMediaFromAlbum"
          ],
          "fullName": " AlbumService removeMediaFromAlbum should remove media from an album successfully",
          "status": "passed",
          "title": "should remove media from an album successfully",
          "duration": 1,
          "failureMessages": []
        },
        {
          "ancestorTitles": [
            "",
            "AlbumService",
            "getStoryCategories"
          ],
          "fullName": " AlbumService getStoryCategories should fetch all story categories",
          "status": "passed",
          "title": "should fetch all story categories",
          "duration": 2,
          "failureMessages": []
        },
        {
          "ancestorTitles": [
            "",
            "AlbumService",
            "getStoryCategories"
          ],
          "fullName": " AlbumService getStoryCategories should return empty array on error",
          "status": "passed",
          "title": "should return empty array on error",
          "duration": 1,
          "failureMessages": []
        },
        {
          "ancestorTitles": [
            "",
            "AlbumService",
            "getAlbumsByFamilyGroup"
          ],
          "fullName": " AlbumService getAlbumsByFamilyGroup should fetch albums filtered by family group",
          "status": "passed",
          "title": "should fetch albums filtered by family group",
          "duration": 3,
          "failureMessages": []
        },
        {
          "ancestorTitles": [
            "",
            "AlbumService",
            "getAlbumsByFamilyMember"
          ],
          "fullName": " AlbumService getAlbumsByFamilyMember should fetch albums filtered by family member",
          "status": "passed",
          "title": "should fetch albums filtered by family member",
          "duration": 2,
          "failureMessages": []
        },
        {
          "ancestorTitles": [
            "",
            "AlbumService",
            "getAlbumsByStoryCategory"
          ],
          "fullName": " AlbumService getAlbumsByStoryCategory should fetch albums filtered by story category",
          "status": "passed",
          "title": "should fetch albums filtered by story category",
          "duration": 22,
          "failureMessages": []
        }
      ],
      "startTime": 1768152124349,
      "endTime": 1768152124485,
      "status": "passed",
      "message": "",
      "name": "C:/ws/kinship-atlas/src/services/__tests__/albumService.test.ts"
    },
    {
      "assertionResults": [
        {
          "ancestorTitles": [
            "",
            "FamilyGroupService",
            "getAllFamilyGroups"
          ],
          "fullName": " FamilyGroupService getAllFamilyGroups should fetch all family groups for the current user",
          "status": "passed",
          "title": "should fetch all family groups for the current user",
          "duration": 15,
          "failureMessages": []
        },
        {
          "ancestorTitles": [
            "",
            "FamilyGroupService",
            "getAllFamilyGroups"
          ],
          "fullName": " FamilyGroupService getAllFamilyGroups should return empty array when user is not authenticated",
          "status": "passed",
          "title": "should return empty array when user is not authenticated",
          "duration": 0,
          "failureMessages": []
        },
        {
          "ancestorTitles": [
            "",
            "FamilyGroupService",
            "getAllFamilyGroups"
          ],
          "fullName": " FamilyGroupService getAllFamilyGroups should return empty array on error",
          "status": "passed",
          "title": "should return empty array on error",
          "duration": 4,
          "failureMessages": []
        },
        {
          "ancestorTitles": [
            "",
            "FamilyGroupService",
            "getFamilyGroup"
          ],
          "fullName": " FamilyGroupService getFamilyGroup should fetch a single family group by ID",
          "status": "passed",
          "title": "should fetch a single family group by ID",
          "duration": 2,
          "failureMessages": []
        },
        {
          "ancestorTitles": [
            "",
            "FamilyGroupService",
            "getFamilyGroup"
          ],
          "fullName": " FamilyGroupService getFamilyGroup should return null on error",
          "status": "passed",
          "title": "should return null on error",
          "duration": 10,
          "failureMessages": []
        },
        {
          "ancestorTitles": [
            "",
            "FamilyGroupService",
            "createFamilyGroup"
          ],
          "fullName": " FamilyGroupService createFamilyGroup should create a family group successfully",
          "status": "passed",
          "title": "should create a family group successfully",
          "duration": 3,
          "failureMessages": []
        },
        {
          "ancestorTitles": [
            "",
            "FamilyGroupService",
            "createFamilyGroup"
          ],
          "fullName": " FamilyGroupService createFamilyGroup should return error when name is empty",
          "status": "passed",
          "title": "should return error when name is empty",
          "duration": 2,
          "failureMessages": []
        },
        {
          "ancestorTitles": [
            "",
            "FamilyGroupService",
            "createFamilyGroup"
          ],
          "fullName": " FamilyGroupService createFamilyGroup should return error when user is not authenticated",
          "status": "passed",
          "title": "should return error when user is not authenticated",
          "duration": 1,
          "failureMessages": []
        },
        {
          "ancestorTitles": [
            "",
            "FamilyGroupService",
            "createFamilyGroup"
          ],
          "fullName": " FamilyGroupService createFamilyGroup should handle database errors",
          "status": "passed",
          "title": "should handle database errors",
          "duration": 1,
          "failureMessages": []
        },
        {
          "ancestorTitles": [
            "",
            "FamilyGroupService",
            "updateFamilyGroup"
          ],
          "fullName": " FamilyGroupService updateFamilyGroup should update a family group successfully",
          "status": "passed",
          "title": "should update a family group successfully",
          "duration": 2,
          "failureMessages": []
        },
        {
          "ancestorTitles": [
            "",
            "FamilyGroupService",
            "updateFamilyGroup"
          ],
          "fullName": " FamilyGroupService updateFamilyGroup should return error when name is empty",
          "status": "passed",
          "title": "should return error when name is empty",
          "duration": 1,
          "failureMessages": []
        },
        {
          "ancestorTitles": [
            "",
            "FamilyGroupService",
            "updateFamilyGroup"
          ],
          "fullName": " FamilyGroupService updateFamilyGroup should return error when group not found",
          "status": "passed",
          "title": "should return error when group not found",
          "duration": 1,
          "failureMessages": []
        },
        {
          "ancestorTitles": [
            "",
            "FamilyGroupService",
            "deleteFamilyGroup"
          ],
          "fullName": " FamilyGroupService deleteFamilyGroup should delete a family group successfully",
          "status": "passed",
          "title": "should delete a family group successfully",
          "duration": 7,
          "failureMessages": []
        },
        {
          "ancestorTitles": [
            "",
            "FamilyGroupService",
            "deleteFamilyGroup"
          ],
          "fullName": " FamilyGroupService deleteFamilyGroup should return error when user is not authenticated",
          "status": "passed",
          "title": "should return error when user is not authenticated",
          "duration": 4,
          "failureMessages": []
        },
        {
          "ancestorTitles": [
            "",
            "FamilyGroupService",
            "assignMemberToGroup"
          ],
          "fullName": " FamilyGroupService assignMemberToGroup should assign a member to a group successfully",
          "status": "passed",
          "title": "should assign a member to a group successfully",
          "duration": 9,
          "failureMessages": []
        },
        {
          "ancestorTitles": [
            "",
            "FamilyGroupService",
            "assignMemberToGroup"
          ],
          "fullName": " FamilyGroupService assignMemberToGroup should handle duplicate assignment gracefully",
          "status": "passed",
          "title": "should handle duplicate assignment gracefully",
          "duration": 1,
          "failureMessages": []
        },
        {
          "ancestorTitles": [
            "",
            "FamilyGroupService",
            "assignMemberToGroup"
          ],
          "fullName": " FamilyGroupService assignMemberToGroup should return error when member not found",
          "status": "passed",
          "title": "should return error when member not found",
          "duration": 2,
          "failureMessages": []
        },
        {
          "ancestorTitles": [
            "",
            "FamilyGroupService",
            "removeMemberFromGroup"
          ],
          "fullName": " FamilyGroupService removeMemberFromGroup should remove a member from a group successfully",
          "status": "passed",
          "title": "should remove a member from a group successfully",
          "duration": 3,
          "failureMessages": []
        },
        {
          "ancestorTitles": [
            "",
            "FamilyGroupService",
            "getMembersInGroup"
          ],
          "fullName": " FamilyGroupService getMembersInGroup should fetch all members in a group",
          "status": "passed",
          "title": "should fetch all members in a group",
          "duration": 2,
          "failureMessages": []
        },
        {
          "ancestorTitles": [
            "",
            "FamilyGroupService",
            "getMembersInGroup"
          ],
          "fullName": " FamilyGroupService getMembersInGroup should return empty array on error",
          "status": "passed",
          "title": "should return empty array on error",
          "duration": 2,
          "failureMessages": []
        },
        {
          "ancestorTitles": [
            "",
            "FamilyGroupService",
            "getGroupsForMember"
          ],
          "fullName": " FamilyGroupService getGroupsForMember should fetch all groups for a member",
          "status": "passed",
          "title": "should fetch all groups for a member",
          "duration": 3,
          "failureMessages": []
        },
        {
          "ancestorTitles": [
            "",
            "FamilyGroupService",
            "filterMembersByGroups"
          ],
          "fullName": " FamilyGroupService filterMembersByGroups should filter members by group IDs",
          "status": "passed",
          "title": "should filter members by group IDs",
          "duration": 13,
          "failureMessages": []
        },
        {
          "ancestorTitles": [
            "",
            "FamilyGroupService",
            "filterMembersByGroups"
          ],
          "fullName": " FamilyGroupService filterMembersByGroups should return empty array when no group IDs provided",
          "status": "passed",
          "title": "should return empty array when no group IDs provided",
          "duration": 2,
          "failureMessages": []
        },
        {
          "ancestorTitles": [
            "",
            "FamilyGroupService",
            "filterMembersByGroups"
          ],
          "fullName": " FamilyGroupService filterMembersByGroups should return empty array on error",
          "status": "passed",
          "title": "should return empty array on error",
          "duration": 2,
          "failureMessages": []
        }
      ],
      "startTime": 1768152130534,
      "endTime": 1768152130643,
      "status": "passed",
      "message": "",
      "name": "C:/ws/kinship-atlas/src/services/__tests__/familyGroupService.test.ts"
    },
    {
      "assertionResults": [
        {
          "ancestorTitles": [
            "",
            "FamilyMemberService",
            "createFamilyMember"
          ],
          "fullName": " FamilyMemberService createFamilyMember should create a family member successfully",
          "status": "passed",
          "title": "should create a family member successfully",
          "duration": 35,
          "failureMessages": []
        },
        {
          "ancestorTitles": [
            "",
            "FamilyMemberService",
            "createFamilyMember"
          ],
          "fullName": " FamilyMemberService createFamilyMember should handle authentication errors",
          "status": "passed",
          "title": "should handle authentication errors",
          "duration": 1,
          "failureMessages": []
        },
        {
          "ancestorTitles": [
            "",
            "FamilyMemberService",
            "createFamilyMember"
          ],
          "fullName": " FamilyMemberService createFamilyMember should validate required fields",
          "status": "passed",
          "title": "should validate required fields",
          "duration": 2,
          "failureMessages": []
        },
        {
          "ancestorTitles": [
            "",
            "FamilyMemberService",
            "createFamilyMember"
          ],
          "fullName": " FamilyMemberService createFamilyMember should handle database errors",
          "status": "passed",
          "title": "should handle database errors",
          "duration": 3,
          "failureMessages": []
        },
        {
          "ancestorTitles": [
            "",
            "FamilyMemberService",
            "getAllFamilyMembers"
          ],
          "fullName": " FamilyMemberService getAllFamilyMembers should fetch all family members successfully",
          "status": "passed",
          "title": "should fetch all family members successfully",
          "duration": 3,
          "failureMessages": []
        },
        {
          "ancestorTitles": [
            "",
            "FamilyMemberService",
            "getAllFamilyMembers"
          ],
          "fullName": " FamilyMemberService getAllFamilyMembers should handle empty results",
          "status": "passed",
          "title": "should handle empty results",
          "duration": 1,
          "failureMessages": []
        },
        {
          "ancestorTitles": [
            "",
            "FamilyMemberService",
            "getAllFamilyMembers"
          ],
          "fullName": " FamilyMemberService getAllFamilyMembers should handle database errors",
          "status": "passed",
          "title": "should handle database errors",
          "duration": 5,
          "failureMessages": []
        },
        {
          "ancestorTitles": [
            "",
            "FamilyMemberService",
            "updateFamilyMember"
          ],
          "fullName": " FamilyMemberService updateFamilyMember should update a family member successfully",
          "status": "passed",
          "title": "should update a family member successfully",
          "duration": 2,
          "failureMessages": []
        }
      ],
      "startTime": 1768152134083,
      "endTime": 1768152134136,
      "status": "passed",
      "message": "",
      "name": "C:/ws/kinship-atlas/src/services/__tests__/familyMemberService.test.ts"
    },
    {
      "assertionResults": [
        {
          "ancestorTitles": [
            "",
            "FamilyRelationshipManager",
            "createRelationship"
          ],
          "fullName": " FamilyRelationshipManager createRelationship should create a relationship successfully",
          "status": "passed",
          "title": "should create a relationship successfully",
          "duration": 5,
          "failureMessages": []
        },
        {
          "ancestorTitles": [
            "",
            "FamilyRelationshipManager",
            "createRelationship"
          ],
          "fullName": " FamilyRelationshipManager createRelationship should handle authentication errors",
          "status": "passed",
          "title": "should handle authentication errors",
          "duration": 3,
          "failureMessages": []
        },
        {
          "ancestorTitles": [
            "",
            "FamilyRelationshipManager",
            "createRelationship"
          ],
          "fullName": " FamilyRelationshipManager createRelationship should validate relationship data",
          "status": "passed",
          "title": "should validate relationship data",
          "duration": 1,
          "failureMessages": []
        },
        {
          "ancestorTitles": [
            "",
            "FamilyRelationshipManager",
            "createRelationship"
          ],
          "fullName": " FamilyRelationshipManager createRelationship should prevent self-relationships",
          "status": "passed",
          "title": "should prevent self-relationships",
          "duration": 3,
          "failureMessages": []
        },
        {
          "ancestorTitles": [
            "",
            "FamilyRelationshipManager",
            "createRelationship"
          ],
          "fullName": " FamilyRelationshipManager createRelationship should handle database errors",
          "status": "passed",
          "title": "should handle database errors",
          "duration": 4,
          "failureMessages": []
        },
        {
          "ancestorTitles": [
            "",
            "FamilyRelationshipManager",
            "deleteRelationship"
          ],
          "fullName": " FamilyRelationshipManager deleteRelationship should delete a relationship and its reciprocal successfully",
          "status": "passed",
          "title": "should delete a relationship and its reciprocal successfully",
          "duration": 3,
          "failureMessages": []
        },
        {
          "ancestorTitles": [
            "",
            "FamilyRelationshipManager",
            "deleteRelationship"
          ],
          "fullName": " FamilyRelationshipManager deleteRelationship should handle authentication errors",
          "status": "passed",
          "title": "should handle authentication errors",
          "duration": 1,
          "failureMessages": []
        },
        {
          "ancestorTitles": [
            "",
            "FamilyRelationshipManager",
            "deleteRelationship"
          ],
          "fullName": " FamilyRelationshipManager deleteRelationship should handle database errors",
          "status": "passed",
          "title": "should handle database errors",
          "duration": 2,
          "failureMessages": []
        },
        {
          "ancestorTitles": [
            "",
            "FamilyRelationshipManager",
            "getFamilyMembersWithRelations"
          ],
          "fullName": " FamilyRelationshipManager getFamilyMembersWithRelations should fetch family members with relations successfully",
          "status": "passed",
          "title": "should fetch family members with relations successfully",
          "duration": 3,
          "failureMessages": []
        },
        {
          "ancestorTitles": [
            "",
            "FamilyRelationshipManager",
            "getFamilyMembersWithRelations"
          ],
          "fullName": " FamilyRelationshipManager getFamilyMembersWithRelations should handle empty results",
          "status": "passed",
          "title": "should handle empty results",
          "duration": 1,
          "failureMessages": []
        },
        {
          "ancestorTitles": [
            "",
            "FamilyRelationshipManager",
            "getFamilyMembersWithRelations"
          ],
          "fullName": " FamilyRelationshipManager getFamilyMembersWithRelations should handle database errors",
          "status": "passed",
          "title": "should handle database errors",
          "duration": 19,
          "failureMessages": []
        }
      ],
      "startTime": 1768152131119,
      "endTime": 1768152131166,
      "status": "passed",
      "message": "",
      "name": "C:/ws/kinship-atlas/src/services/__tests__/familyRelationshipManager.test.ts"
    },
    {
      "assertionResults": [
        {
          "ancestorTitles": [
            "",
            "MediaService",
            "uploadMedia"
          ],
          "fullName": " MediaService uploadMedia should upload media successfully",
          "status": "passed",
          "title": "should upload media successfully",
          "duration": 11,
          "failureMessages": []
        },
        {
          "ancestorTitles": [
            "",
            "MediaService",
            "uploadMedia"
          ],
          "fullName": " MediaService uploadMedia should return null if user is not authenticated",
          "status": "passed",
          "title": "should return null if user is not authenticated",
          "duration": 12,
          "failureMessages": []
        },
        {
          "ancestorTitles": [
            "",
            "MediaService",
            "uploadMedia"
          ],
          "fullName": " MediaService uploadMedia should handle upload errors",
          "status": "passed",
          "title": "should handle upload errors",
          "duration": 2,
          "failureMessages": []
        },
        {
          "ancestorTitles": [
            "",
            "MediaService",
            "getUserMedia"
          ],
          "fullName": " MediaService getUserMedia should fetch media successfully",
          "status": "passed",
          "title": "should fetch media successfully",
          "duration": 3,
          "failureMessages": []
        },
        {
          "ancestorTitles": [
            "",
            "MediaService",
            "getUserMedia"
          ],
          "fullName": " MediaService getUserMedia should handle errors gracefully",
          "status": "passed",
          "title": "should handle errors gracefully",
          "duration": 16,
          "failureMessages": []
        },
        {
          "ancestorTitles": [
            "",
            "MediaService",
            "deleteMedia"
          ],
          "fullName": " MediaService deleteMedia should delete media successfully",
          "status": "passed",
          "title": "should delete media successfully",
          "duration": 3,
          "failureMessages": []
        },
        {
          "ancestorTitles": [
            "",
            "MediaService",
            "deleteMedia"
          ],
          "fullName": " MediaService deleteMedia should return false if user is not authenticated",
          "status": "passed",
          "title": "should return false if user is not authenticated",
          "duration": 2,
          "failureMessages": []
        },
        {
          "ancestorTitles": [
            "",
            "MediaService",
            "updateMediaCaption"
          ],
          "fullName": " MediaService updateMediaCaption should update caption successfully",
          "status": "passed",
          "title": "should update caption successfully",
          "duration": 4,
          "failureMessages": []
        },
        {
          "ancestorTitles": [
            "",
            "MediaService",
            "updateMediaCaption"
          ],
          "fullName": " MediaService updateMediaCaption should return false on error",
          "status": "passed",
          "title": "should return false on error",
          "duration": 2,
          "failureMessages": []
        }
      ],
      "startTime": 1768152123218,
      "endTime": 1768152123274,
      "status": "passed",
      "message": "",
      "name": "C:/ws/kinship-atlas/src/services/__tests__/mediaService.test.ts"
    },
    {
      "assertionResults": [
        {
          "ancestorTitles": [
            "",
            "StoryService",
            "createStory"
          ],
          "fullName": " StoryService createStory should create a story successfully",
          "status": "passed",
          "title": "should create a story successfully",
          "duration": 6,
          "failureMessages": []
        },
        {
          "ancestorTitles": [
            "",
            "StoryService",
            "createStory"
          ],
          "fullName": " StoryService createStory should return error if user is not authenticated",
          "status": "passed",
          "title": "should return error if user is not authenticated",
          "duration": 8,
          "failureMessages": []
        },
        {
          "ancestorTitles": [
            "",
            "StoryService",
            "createStory"
          ],
          "fullName": " StoryService createStory should handle database errors",
          "status": "passed",
          "title": "should handle database errors",
          "duration": 2,
          "failureMessages": []
        },
        {
          "ancestorTitles": [
            "",
            "StoryService",
            "getStory"
          ],
          "fullName": " StoryService getStory should fetch a story successfully",
          "status": "passed",
          "title": "should fetch a story successfully",
          "duration": 4,
          "failureMessages": []
        },
        {
          "ancestorTitles": [
            "",
            "StoryService",
            "getStory"
          ],
          "fullName": " StoryService getStory should return null on error",
          "status": "passed",
          "title": "should return null on error",
          "duration": 9,
          "failureMessages": []
        },
        {
          "ancestorTitles": [
            "",
            "StoryService",
            "getAllStories"
          ],
          "fullName": " StoryService getAllStories should fetch all stories successfully",
          "status": "passed",
          "title": "should fetch all stories successfully",
          "duration": 4,
          "failureMessages": []
        },
        {
          "ancestorTitles": [
            "",
            "StoryService",
            "getAllStories"
          ],
          "fullName": " StoryService getAllStories should return empty array on error",
          "status": "passed",
          "title": "should return empty array on error",
          "duration": 1,
          "failureMessages": []
        },
        {
          "ancestorTitles": [
            "",
            "StoryService",
            "updateStory"
          ],
          "fullName": " StoryService updateStory should update a story successfully",
          "status": "passed",
          "title": "should update a story successfully",
          "duration": 10,
          "failureMessages": []
        },
        {
          "ancestorTitles": [
            "",
            "StoryService",
            "createArtifact"
          ],
          "fullName": " StoryService createArtifact should create an artifact successfully",
          "status": "passed",
          "title": "should create an artifact successfully",
          "duration": 3,
          "failureMessages": []
        },
        {
          "ancestorTitles": [
            "",
            "StoryService",
            "createArtifact"
          ],
          "fullName": " StoryService createArtifact should return error if user is not authenticated",
          "status": "passed",
          "title": "should return error if user is not authenticated",
          "duration": 1,
          "failureMessages": []
        },
        {
          "ancestorTitles": [
            "",
            "StoryService",
            "getArtifact"
          ],
          "fullName": " StoryService getArtifact should fetch an artifact successfully",
          "status": "passed",
          "title": "should fetch an artifact successfully",
          "duration": 2,
          "failureMessages": []
        },
        {
          "ancestorTitles": [
            "",
            "StoryService",
            "getArtifact"
          ],
          "fullName": " StoryService getArtifact should return null on error",
          "status": "passed",
          "title": "should return null on error",
          "duration": 2,
          "failureMessages": []
        },
        {
          "ancestorTitles": [
            "",
            "StoryService",
            "getAllArtifacts"
          ],
          "fullName": " StoryService getAllArtifacts should fetch all artifacts successfully",
          "status": "passed",
          "title": "should fetch all artifacts successfully",
          "duration": 5,
          "failureMessages": []
        },
        {
          "ancestorTitles": [
            "",
            "StoryService",
            "getAllArtifacts"
          ],
          "fullName": " StoryService getAllArtifacts should return empty array on error",
          "status": "passed",
          "title": "should return empty array on error",
          "duration": 2,
          "failureMessages": []
        },
        {
          "ancestorTitles": [
            "",
            "StoryService",
            "deleteStory"
          ],
          "fullName": " StoryService deleteStory should delete a story successfully",
          "status": "passed",
          "title": "should delete a story successfully",
          "duration": 2,
          "failureMessages": []
        },
        {
          "ancestorTitles": [
            "",
            "StoryService",
            "deleteStory"
          ],
          "fullName": " StoryService deleteStory should return error if user is not authenticated",
          "status": "passed",
          "title": "should return error if user is not authenticated",
          "duration": 1,
          "failureMessages": []
        },
        {
          "ancestorTitles": [
            "",
            "StoryService",
            "updateArtifact"
          ],
          "fullName": " StoryService updateArtifact should update an artifact successfully",
          "status": "passed",
          "title": "should update an artifact successfully",
          "duration": 2,
          "failureMessages": []
        },
        {
          "ancestorTitles": [
            "",
            "StoryService",
            "updateArtifact"
          ],
          "fullName": " StoryService updateArtifact should return error if user is not authenticated",
          "status": "passed",
          "title": "should return error if user is not authenticated",
          "duration": 1,
          "failureMessages": []
        },
        {
          "ancestorTitles": [
            "",
            "StoryService",
            "deleteArtifact"
          ],
          "fullName": " StoryService deleteArtifact should delete an artifact successfully as owner",
          "status": "passed",
          "title": "should delete an artifact successfully as owner",
          "duration": 2,
          "failureMessages": []
        },
        {
          "ancestorTitles": [
            "",
            "StoryService",
            "deleteArtifact"
          ],
          "fullName": " StoryService deleteArtifact should delete an artifact successfully as admin",
          "status": "passed",
          "title": "should delete an artifact successfully as admin",
          "duration": 1,
          "failureMessages": []
        },
        {
          "ancestorTitles": [
            "",
            "StoryService",
            "deleteArtifact"
          ],
          "fullName": " StoryService deleteArtifact should return error if user is not authenticated",
          "status": "passed",
          "title": "should return error if user is not authenticated",
          "duration": 1,
          "failureMessages": []
        },
        {
          "ancestorTitles": [
            "",
            "StoryService",
            "deleteArtifact"
          ],
          "fullName": " StoryService deleteArtifact should handle database errors",
          "status": "passed",
          "title": "should handle database errors",
          "duration": 2,
          "failureMessages": []
        },
        {
          "ancestorTitles": [
            "",
            "StoryService",
            "deleteArtifact"
          ],
          "fullName": " StoryService deleteArtifact should handle table not found error",
          "status": "passed",
          "title": "should handle table not found error",
          "duration": 1,
          "failureMessages": []
        }
      ],
      "startTime": 1768152123435,
      "endTime": 1768152123512,
      "status": "passed",
      "message": "",
      "name": "C:/ws/kinship-atlas/src/services/__tests__/storyService.test.ts"
    },
    {
      "assertionResults": [
        {
          "ancestorTitles": [
            "",
            "TimelineService",
            "getMemberTimeline"
          ],
          "fullName": " TimelineService getMemberTimeline should fetch member timeline successfully",
          "status": "passed",
          "title": "should fetch member timeline successfully",
          "duration": 8,
          "failureMessages": []
        },
        {
          "ancestorTitles": [
            "",
            "TimelineService",
            "getMemberTimeline"
          ],
          "fullName": " TimelineService getMemberTimeline should return empty array on error",
          "status": "passed",
          "title": "should return empty array on error",
          "duration": 5,
          "failureMessages": []
        },
        {
          "ancestorTitles": [
            "",
            "TimelineService",
            "getFamilyTimeline"
          ],
          "fullName": " TimelineService getFamilyTimeline should fetch family timeline successfully",
          "status": "passed",
          "title": "should fetch family timeline successfully",
          "duration": 2,
          "failureMessages": []
        },
        {
          "ancestorTitles": [
            "",
            "TimelineService",
            "getFamilyTimeline"
          ],
          "fullName": " TimelineService getFamilyTimeline should return empty array if no member IDs provided",
          "status": "passed",
          "title": "should return empty array if no member IDs provided",
          "duration": 5,
          "failureMessages": []
        },
        {
          "ancestorTitles": [
            "",
            "TimelineService",
            "getFamilyTimeline"
          ],
          "fullName": " TimelineService getFamilyTimeline should return empty array on error",
          "status": "passed",
          "title": "should return empty array on error",
          "duration": 3,
          "failureMessages": []
        },
        {
          "ancestorTitles": [
            "",
            "TimelineService",
            "getTimelineByDateRange"
          ],
          "fullName": " TimelineService getTimelineByDateRange should fetch timeline by date range successfully",
          "status": "passed",
          "title": "should fetch timeline by date range successfully",
          "duration": 12,
          "failureMessages": []
        },
        {
          "ancestorTitles": [
            "",
            "TimelineService",
            "getTimelineByDateRange"
          ],
          "fullName": " TimelineService getTimelineByDateRange should filter by member IDs if provided",
          "status": "passed",
          "title": "should filter by member IDs if provided",
          "duration": 2,
          "failureMessages": []
        },
        {
          "ancestorTitles": [
            "",
            "TimelineService",
            "getTimelineByLocation"
          ],
          "fullName": " TimelineService getTimelineByLocation should fetch timeline by location successfully",
          "status": "passed",
          "title": "should fetch timeline by location successfully",
          "duration": 2,
          "failureMessages": []
        },
        {
          "ancestorTitles": [
            "",
            "TimelineService",
            "getTimelineByLocation"
          ],
          "fullName": " TimelineService getTimelineByLocation should filter by distance radius",
          "status": "passed",
          "title": "should filter by distance radius",
          "duration": 1,
          "failureMessages": []
        },
        {
          "ancestorTitles": [
            "",
            "TimelineService",
            "getTimelineStats"
          ],
          "fullName": " TimelineService getTimelineStats should calculate timeline stats correctly",
          "status": "passed",
          "title": "should calculate timeline stats correctly",
          "duration": 3,
          "failureMessages": []
        },
        {
          "ancestorTitles": [
            "",
            "TimelineService",
            "getTimelineStats"
          ],
          "fullName": " TimelineService getTimelineStats should handle empty timeline",
          "status": "passed",
          "title": "should handle empty timeline",
          "duration": 1,
          "failureMessages": []
        },
        {
          "ancestorTitles": [
            "",
            "TimelineService",
            "searchTimeline"
          ],
          "fullName": " TimelineService searchTimeline should search timeline successfully",
          "status": "passed",
          "title": "should search timeline successfully",
          "duration": 4,
          "failureMessages": []
        },
        {
          "ancestorTitles": [
            "",
            "TimelineService",
            "searchTimeline"
          ],
          "fullName": " TimelineService searchTimeline should filter by member IDs if provided",
          "status": "passed",
          "title": "should filter by member IDs if provided",
          "duration": 2,
          "failureMessages": []
        }
      ],
      "startTime": 1768152131315,
      "endTime": 1768152131368,
      "status": "passed",
      "message": "",
      "name": "C:/ws/kinship-atlas/src/services/__tests__/timelineService.test.ts"
    },
    {
      "assertionResults": [
        {
          "ancestorTitles": [
            "",
            "UserService",
            "getUserProfile"
          ],
          "fullName": " UserService getUserProfile should fetch user profile successfully",
          "status": "passed",
          "title": "should fetch user profile successfully",
          "duration": 5,
          "failureMessages": []
        },
        {
          "ancestorTitles": [
            "",
            "UserService",
            "getUserProfile"
          ],
          "fullName": " UserService getUserProfile should return null on error",
          "status": "passed",
          "title": "should return null on error",
          "duration": 3,
          "failureMessages": []
        },
        {
          "ancestorTitles": [
            "",
            "UserService",
            "updateUserProfile"
          ],
          "fullName": " UserService updateUserProfile should update user profile successfully",
          "status": "passed",
          "title": "should update user profile successfully",
          "duration": 16,
          "failureMessages": []
        },
        {
          "ancestorTitles": [
            "",
            "UserService",
            "updateUserProfile"
          ],
          "fullName": " UserService updateUserProfile should return false on error",
          "status": "passed",
          "title": "should return false on error",
          "duration": 1,
          "failureMessages": []
        },
        {
          "ancestorTitles": [
            "",
            "UserService",
            "getAllUsers"
          ],
          "fullName": " UserService getAllUsers should fetch all users successfully",
          "status": "passed",
          "title": "should fetch all users successfully",
          "duration": 9,
          "failureMessages": []
        },
        {
          "ancestorTitles": [
            "",
            "UserService",
            "getAllUsers"
          ],
          "fullName": " UserService getAllUsers should return empty array on error",
          "status": "passed",
          "title": "should return empty array on error",
          "duration": 3,
          "failureMessages": []
        },
        {
          "ancestorTitles": [
            "",
            "UserService",
            "updateUserRole"
          ],
          "fullName": " UserService updateUserRole should update user role successfully",
          "status": "passed",
          "title": "should update user role successfully",
          "duration": 4,
          "failureMessages": []
        },
        {
          "ancestorTitles": [
            "",
            "UserService",
            "updateUserRole"
          ],
          "fullName": " UserService updateUserRole should return false on error",
          "status": "passed",
          "title": "should return false on error",
          "duration": 1,
          "failureMessages": []
        },
        {
          "ancestorTitles": [
            "",
            "UserService",
            "isCurrentUserAdmin"
          ],
          "fullName": " UserService isCurrentUserAdmin should return true if user is admin",
          "status": "passed",
          "title": "should return true if user is admin",
          "duration": 1,
          "failureMessages": []
        },
        {
          "ancestorTitles": [
            "",
            "UserService",
            "isCurrentUserAdmin"
          ],
          "fullName": " UserService isCurrentUserAdmin should return false if user is not admin",
          "status": "passed",
          "title": "should return false if user is not admin",
          "duration": 1,
          "failureMessages": []
        },
        {
          "ancestorTitles": [
            "",
            "UserService",
            "isCurrentUserAdmin"
          ],
          "fullName": " UserService isCurrentUserAdmin should return false if user is not authenticated",
          "status": "passed",
          "title": "should return false if user is not authenticated",
          "duration": 1,
          "failureMessages": []
        },
        {
          "ancestorTitles": [
            "",
            "UserService",
            "canUserEditFamilyMember"
          ],
          "fullName": " UserService canUserEditFamilyMember should return true if user is admin",
          "status": "passed",
          "title": "should return true if user is admin",
          "duration": 2,
          "failureMessages": []
        },
        {
          "ancestorTitles": [
            "",
            "UserService",
            "canUserEditFamilyMember"
          ],
          "fullName": " UserService canUserEditFamilyMember should return true if user created the member",
          "status": "passed",
          "title": "should return true if user created the member",
          "duration": 2,
          "failureMessages": []
        },
        {
          "ancestorTitles": [
            "",
            "UserService",
            "getUserBranchMembers"
          ],
[...]
          "duration": 16,
          "failureMessages": []
        },
        {
          "ancestorTitles": [
            "",
            "FamilyTreeView",
            "Edge Interaction"
          ],
          "fullName": " FamilyTreeView Edge Interaction should handle edge creation",
          "status": "passed",
          "title": "should handle edge creation",
          "duration": 17,
          "failureMessages": []
        },
        {
          "ancestorTitles": [
            "",
            "FamilyTreeView",
            "Edge Interaction"
          ],
          "fullName": " FamilyTreeView Edge Interaction should handle edge removal",
          "status": "passed",
          "title": "should handle edge removal",
          "duration": 11,
          "failureMessages": []
        },
        {
          "ancestorTitles": [
            "",
            "FamilyTreeView",
            "Node Positioning"
          ],
          "fullName": " FamilyTreeView Node Positioning should handle node movement",
          "status": "passed",
          "title": "should handle node movement",
          "duration": 13,
          "failureMessages": []
        },
        {
          "ancestorTitles": [
            "",
            "FamilyTreeView",
            "Tree Layout"
          ],
          "fullName": " FamilyTreeView Tree Layout should render nodes with correct handles",
          "status": "passed",
          "title": "should render nodes with correct handles",
          "duration": 11,
          "failureMessages": []
        },
        {
          "ancestorTitles": [
            "",
            "FamilyTreeView",
            "Tree Layout"
          ],
          "fullName": " FamilyTreeView Tree Layout should render edges between related members",
          "status": "passed",
          "title": "should render edges between related members",
          "duration": 7,
          "failureMessages": []
        },
        {
          "ancestorTitles": [
            "",
            "FamilyTreeView",
            "Tree Layout"
          ],
          "fullName": " FamilyTreeView Tree Layout should handle merged connectors for spouse pairs with common children",
          "status": "passed",
          "title": "should handle merged connectors for spouse pairs with common children",
          "duration": 15,
          "failureMessages": []
        },
        {
          "ancestorTitles": [
            "",
            "FamilyTreeView",
            "Error Handling"
          ],
          "fullName": " FamilyTreeView Error Handling should handle missing family members gracefully",
          "status": "passed",
          "title": "should handle missing family members gracefully",
          "duration": 41,
          "failureMessages": []
        },
        {
          "ancestorTitles": [
            "",
            "FamilyTreeView",
            "Error Handling"
          ],
          "fullName": " FamilyTreeView Error Handling should handle malformed member data",
          "status": "passed",
          "title": "should handle malformed member data",
          "duration": 14,
          "failureMessages": []
        }
      ],
      "startTime": 1768152114972,
      "endTime": 1768152115372,
      "status": "passed",
      "message": "",
      "name": "C:/ws/kinship-atlas/src/components/family/tree/__tests__/FamilyTreeView.test.tsx"
    },
    {
      "assertionResults": [
        {
          "ancestorTitles": [
            "",
            "useRelationshipPathFinder",
            "Direct Relationships"
          ],
          "fullName": " useRelationshipPathFinder Direct Relationships should identify parent-child relationship",
          "status": "passed",
          "title": "should identify parent-child relationship",
          "duration": 113,
          "failureMessages": []
        },
        {
          "ancestorTitles": [
            "",
            "useRelationshipPathFinder",
            "Direct Relationships"
          ],
          "fullName": " useRelationshipPathFinder Direct Relationships should identify spouse relationship",
          "status": "passed",
          "title": "should identify spouse relationship",
          "duration": 5,
          "failureMessages": []
        },
        {
          "ancestorTitles": [
            "",
            "useRelationshipPathFinder",
            "Direct Relationships"
          ],
          "fullName": " useRelationshipPathFinder Direct Relationships should identify sibling relationship",
          "status": "passed",
          "title": "should identify sibling relationship",
          "duration": 3,
          "failureMessages": []
        },
        {
          "ancestorTitles": [
            "",
            "useRelationshipPathFinder",
            "Grandparent/Grandchild Relationships"
          ],
          "fullName": " useRelationshipPathFinder Grandparent/Grandchild Relationships should identify grandfather-grandson relationship",
          "status": "passed",
          "title": "should identify grandfather-grandson relationship",
          "duration": 4,
          "failureMessages": []
        },
        {
          "ancestorTitles": [
            "",
            "useRelationshipPathFinder",
            "Grandparent/Grandchild Relationships"
          ],
          "fullName": " useRelationshipPathFinder Grandparent/Grandchild Relationships should identify grandmother-granddaughter relationship",
          "status": "passed",
          "title": "should identify grandmother-granddaughter relationship",
          "duration": 8,
          "failureMessages": []
        },
        {
          "ancestorTitles": [
            "",
            "useRelationshipPathFinder",
            "Uncle/Aunt Relationships"
          ],
          "fullName": " useRelationshipPathFinder Uncle/Aunt Relationships should identify uncle relationship",
          "status": "passed",
          "title": "should identify uncle relationship",
          "duration": 4,
          "failureMessages": []
        },
        {
          "ancestorTitles": [
            "",
            "useRelationshipPathFinder",
            "Uncle/Aunt Relationships"
          ],
          "fullName": " useRelationshipPathFinder Uncle/Aunt Relationships should identify aunt relationship",
          "status": "passed",
          "title": "should identify aunt relationship",
          "duration": 6,
          "failureMessages": []
        },
        {
          "ancestorTitles": [
            "",
            "useRelationshipPathFinder",
            "Cousin Relationships"
          ],
          "fullName": " useRelationshipPathFinder Cousin Relationships should identify first cousin relationship",
          "status": "passed",
          "title": "should identify first cousin relationship",
          "duration": 4,
          "failureMessages": []
        },
        {
          "ancestorTitles": [
            "",
            "useRelationshipPathFinder",
            "In-Law Relationships"
          ],
          "fullName": " useRelationshipPathFinder In-Law Relationships should identify parent-in-law relationship",
          "status": "passed",
          "title": "should identify parent-in-law relationship",
          "duration": 6,
          "failureMessages": []
        },
        {
          "ancestorTitles": [
            "",
            "useRelationshipPathFinder",
            "In-Law Relationships"
          ],
          "fullName": " useRelationshipPathFinder In-Law Relationships should identify child-in-law relationship",
          "status": "passed",
          "title": "should identify child-in-law relationship",
          "duration": 3,
          "failureMessages": []
        },
        {
          "ancestorTitles": [
            "",
            "useRelationshipPathFinder",
            "Edge Cases"
          ],
          "fullName": " useRelationshipPathFinder Edge Cases should return null when no path exists",
          "status": "passed",
          "title": "should return null when no path exists",
          "duration": 3,
          "failureMessages": []
        },
        {
          "ancestorTitles": [
            "",
            "useRelationshipPathFinder",
            "Edge Cases"
          ],
          "fullName": " useRelationshipPathFinder Edge Cases should return same person for identical IDs",
          "status": "passed",
          "title": "should return same person for identical IDs",
          "duration": 3,
          "failureMessages": []
        },
        {
          "ancestorTitles": [
            "",
            "useRelationshipPathFinder",
            "Edge Cases"
          ],
          "fullName": " useRelationshipPathFinder Edge Cases should handle missing member data gracefully",
          "status": "passed",
          "title": "should handle missing member data gracefully",
          "duration": 3,
          "failureMessages": []
        },
        {
          "ancestorTitles": [
            "",
            "useRelationshipPathFinder",
            "Path Details"
          ],
          "fullName": " useRelationshipPathFinder Path Details should provide detailed path steps",
          "status": "passed",
          "title": "should provide detailed path steps",
          "duration": 3,
          "failureMessages": []
        },
        {
          "ancestorTitles": [
            "",
            "useRelationshipPathFinder",
            "Path Details"
          ],
          "fullName": " useRelationshipPathFinder Path Details should correctly identify relationship types in path",
          "status": "passed",
          "title": "should correctly identify relationship types in path",
          "duration": 3,
          "failureMessages": []
        },
        {
          "ancestorTitles": [
            "",
            "useRelationshipPathFinder",
            "Blood Relative Detection"
          ],
          "fullName": " useRelationshipPathFinder Blood Relative Detection should correctly identify blood relatives",
          "status": "passed",
          "title": "should correctly identify blood relatives",
          "duration": 9,
          "failureMessages": []
        },
        {
          "ancestorTitles": [
            "",
            "useRelationshipPathFinder",
            "Blood Relative Detection"
          ],
          "fullName": " useRelationshipPathFinder Blood Relative Detection should correctly identify non-blood relatives (in-laws)",
          "status": "passed",
          "title": "should correctly identify non-blood relatives (in-laws)",
          "duration": 3,
          "failureMessages": []
        },
        {
          "ancestorTitles": [
            "",
            "useRelationshipPathFinder",
            "Blood Relative Detection"
          ],
          "fullName": " useRelationshipPathFinder Blood Relative Detection should identify blood relatives through multiple steps",
          "status": "passed",
          "title": "should identify blood relatives through multiple steps",
          "duration": 2,
          "failureMessages": []
        }
      ],
      "startTime": 1768152125551,
      "endTime": 1768152125738,
      "status": "passed",
      "message": "",
      "name": "C:/ws/kinship-atlas/src/components/family/tree/hooks/__tests__/useRelationshipPathFinder.test.ts"
    },
    {
      "assertionResults": [
        {
          "ancestorTitles": [
            "",
            "beautifyLayout",
            "calculateBeautifyLayout"
          ],
          "fullName": " beautifyLayout calculateBeautifyLayout should return empty map for empty members array",
          "status": "passed",
          "title": "should return empty map for empty members array",
          "duration": 3,
          "failureMessages": []
        },
        {
          "ancestorTitles": [
            "",
            "beautifyLayout",
            "calculateBeautifyLayout"
          ],
          "fullName": " beautifyLayout calculateBeautifyLayout should position a single member at origin",
          "status": "passed",
          "title": "should position a single member at origin",
          "duration": 13,
          "failureMessages": []
        },
        {
          "ancestorTitles": [
            "",
            "beautifyLayout",
            "calculateBeautifyLayout"
          ],
          "fullName": " beautifyLayout calculateBeautifyLayout should position parent and child in vertical hierarchy",
          "status": "passed",
          "title": "should position parent and child in vertical hierarchy",
          "duration": 3,
          "failureMessages": []
        },
        {
          "ancestorTitles": [
            "",
            "beautifyLayout",
            "calculateBeautifyLayout"
          ],
          "fullName": " beautifyLayout calculateBeautifyLayout should position spouses next to each other",
          "status": "passed",
          "title": "should position spouses next to each other",
          "duration": 2,
          "failureMessages": []
        },
        {
          "ancestorTitles": [
            "",
            "beautifyLayout",
            "calculateBeautifyLayout"
          ],
          "fullName": " beautifyLayout calculateBeautifyLayout should group siblings together",
          "status": "passed",
          "title": "should group siblings together",
          "duration": 4,
          "failureMessages": []
        },
        {
          "ancestorTitles": [
            "",
            "beautifyLayout",
            "calculateBeautifyLayout"
          ],
          "fullName": " beautifyLayout calculateBeautifyLayout should position grandparents, parents, and children in vertical hierarchy",
          "status": "passed",
          "title": "should position grandparents, parents, and children in vertical hierarchy",
          "duration": 1,
          "failureMessages": []
        },
        {
          "ancestorTitles": [
            "",
            "beautifyLayout",
            "calculateBeautifyLayout"
          ],
          "fullName": " beautifyLayout calculateBeautifyLayout should separate different family branches horizontally",
          "status": "passed",
          "title": "should separate different family branches horizontally",
          "duration": 2,
          "failureMessages": []
        },
        {
          "ancestorTitles": [
            "",
            "beautifyLayout",
            "calculateBeautifyLayout"
          ],
          "fullName": " beautifyLayout calculateBeautifyLayout should center parents above their children",
          "status": "passed",
          "title": "should center parents above their children",
          "duration": 2,
          "failureMessages": []
        },
        {
          "ancestorTitles": [
            "",
            "beautifyLayout",
            "calculateBeautifyLayout"
          ],
          "fullName": " beautifyLayout calculateBeautifyLayout should handle siblings with spouses correctly",
          "status": "passed",
          "title": "should handle siblings with spouses correctly",
          "duration": 1,
          "failureMessages": []
        },
        {
          "ancestorTitles": [
            "",
            "beautifyLayout",
            "calculateBeautifyLayout"
          ],
          "fullName": " beautifyLayout calculateBeautifyLayout should handle members without birth dates",
          "status": "passed",
          "title": "should handle members without birth dates",
          "duration": 1,
          "failureMessages": []
        },
        {
          "ancestorTitles": [
            "",
            "beautifyLayout",
            "calculateBeautifyLayout"
          ],
          "fullName": " beautifyLayout calculateBeautifyLayout should respect custom configuration",
          "status": "passed",
          "title": "should respect custom configuration",
          "duration": 2,
          "failureMessages": []
        },
        {
          "ancestorTitles": [
            "",
            "beautifyLayout",
            "calculateBeautifyLayout"
          ],
          "fullName": " beautifyLayout calculateBeautifyLayout should handle complex family structure with multiple generations",
          "status": "passed",
          "title": "should handle complex family structure with multiple generations",
          "duration": 1,
          "failureMessages": []
        },
        {
          "ancestorTitles": [
            "",
            "beautifyLayout",
            "calculateBeautifyLayout"
          ],
          "fullName": " beautifyLayout calculateBeautifyLayout should prevent overlapping nodes",
          "status": "passed",
          "title": "should prevent overlapping nodes",
          "duration": 3,
          "failureMessages": []
        },
        {
          "ancestorTitles": [
            "",
            "beautifyLayout",
            "calculateBeautifyLayout"
          ],
          "fullName": " beautifyLayout calculateBeautifyLayout should center entire tree around x=0",
          "status": "passed",
          "title": "should center entire tree around x=0",
          "duration": 3,
          "failureMessages": []
        },
        {
          "ancestorTitles": [
            "",
            "beautifyLayout",
            "getBeautifyConfig"
          ],
          "fullName": " beautifyLayout getBeautifyConfig should return default configuration",
          "status": "passed",
          "title": "should return default configuration",
          "duration": 0,
          "failureMessages": []
        }
      ],
      "startTime": 1768152136565,
      "endTime": 1768152136608,
      "status": "passed",
      "message": "",
      "name": "C:/ws/kinship-atlas/src/components/family/tree/utils/__tests__/beautifyLayout.test.ts"
    },
    {
      "assertionResults": [
        {
          "ancestorTitles": [
            "",
            "buildTreeEdges - Merged Connectors",
            "Spouse pair with common children"
          ],
          "fullName": " buildTreeEdges - Merged Connectors Spouse pair with common children should detect merge info for edges when two spouses have common children",
          "status": "passed",
          "title": "should detect merge info for edges when two spouses have common children",
          "duration": 7,
          "failureMessages": []
        },
        {
          "ancestorTitles": [
            "",
            "buildTreeEdges - Merged Connectors",
            "Spouse pair with common children"
          ],
          "fullName": " buildTreeEdges - Merged Connectors Spouse pair with common children should not add merge info when parents are not spouses",
          "status": "passed",
          "title": "should not add merge info when parents are not spouses",
          "duration": 1,
          "failureMessages": []
        },
        {
          "ancestorTitles": [
            "",
            "buildTreeEdges - Merged Connectors",
            "Spouse pair with common children"
          ],
          "fullName": " buildTreeEdges - Merged Connectors Spouse pair with common children should not add merge info when child has only one parent",
          "status": "passed",
          "title": "should not add merge info when child has only one parent",
          "duration": 1,
          "failureMessages": []
        },
        {
          "ancestorTitles": [
            "",
            "buildTreeEdges - Merged Connectors",
            "Edge creation"
          ],
          "fullName": " buildTreeEdges - Merged Connectors Edge creation should create edges with correct relationship types",
          "status": "passed",
          "title": "should create edges with correct relationship types",
          "duration": 1,
          "failureMessages": []
        }
      ],
      "startTime": 1768152137354,
      "endTime": 1768152137364,
      "status": "passed",
      "message": "",
      "name": "C:/ws/kinship-atlas/src/components/family/tree/utils/__tests__/treeDataBuilder.test.ts"
    }
  ]
}